{1:F21SWHKINBIXXXX0000003377}{4:{177:2203291708}{451:0}}{1:F01TSTEINBIXXXX0000003377}{2:O7981138220329SWHKINBIXXXX00000033772203291138N}{4:
:20:ILCFS200024-700
:12:701
:77E:
:27A:3/3
:21P:0503ILCFS200024
:27:2/2
:20:0503ILCFS200024
:47A:.
FOR DOCUMENTS WITH DISCREPANCY/DISCREPANCIES, IF WE CHOSE
TO ACCEPT THE SAME, A SUM OF USD 100 OR ITSEQUIVALENT
IN THE RESPECTIVE CURRENCY OF THE CREDIT SHALL BE DEDUCTED
FROM THE PROCEEDS,IF AND WHEN, REMITTED TO THE NEGOTIATING
BANK
.
THIS CREDIT IS ISSUED SUBJECT TO THE UNIFORM CUSTOMS
AND PRACTICE FOR DOCUMENTARY CREDITS 2007 REVISION,
FIXED BY THE INTERNATIONAL CHAMBER OF COMMERCE,PARIS,
UNDER ICC PUBLICATION NO:600 AND ENGAGE US IN
ACCORDANCE WITH THE TERMS THEREOF.IF THE CREDIT IS
AVAILABLE BY NEGOTIATION,EACH PRESENTATION MUST BE
NOTED ON THE REVERSE OF THIS ADVICE BY THE BANK
WHERE THE CREDIT IS AVAILABLE
-}{5:{CHK:1DBD0F60FFFF}}{S:{SAC:}{COP:P}}