{1:F01TSTEINBIXXXX0000000000}{2:O7001017211221SWHKINBIXXXX00000000002112211017N}{4:
:27:1/1
:40A:IRREVOCABLE
:20:140321020413
:31C:211101
:40E:UCP LATEST VERSION
:31D:220130 INDIA
:50:GAZI AUTO TYRES
KHADUN,RUPGANJ,
NARAYANGANJ,BANGLADESH
:59:RELIANCE INDUSTRIES LIMITED
RELIANCE CORPORATE PARK,
ELASTOMER BUSINESS, 8A, 1ST FLOOR,
THANE, BELAPUR, CONTD. TO F47+++
:32B:USD405216,00
:39A:5/5
:41A:AXISINBB004
BY NEGOTIATION
:42C:180 DAYS FROM THE DATE OF B/L BUT
BENEFICIARY WILL GET PAYMENT AT
SIGHT BASIS
:42A:DHBLBDDH101
:43P:ALLOWED
:43T:ALLOWED
:44E:ANY PORT IN INDIA
:44F:CHATTOGRAM, BANGLADESH
:44C:211231
:45A:PBR CISAMER 1220
SYNTHETIC RUBBER - POLY BUTADIENE RUBBER
.
HS CODE NO(S). 4002.20.00
.
QUANTITY 201600 KG
PRICE USD 2.01/KG
.
TOTAL VALUE : USD 405,216.00
TRADE TERM : CFR CHATTOGRAM SEAPORT BANGLADESH (INCOTERMS 2020)
.
ALL OTHER DETAILS AS PER BENEFICIEARY'S PROFORMA INVOICE
NO. 25277562 DATED 16.10.2021
:46A:01) BENEFICIARY'S SIGNED ORIGINAL COMMERCIAL INVOICE IN 03
(THREE)COPIES SHOWING QUANTITY, UNIT PRICE, H.S. CODE(S), GOODS
VALUE AND FREIGHT CHARGE  SEPARATELY IN THE CURRENCY OF THE
CREDIT.
.
02) FULL SET OF ORIGINAL 'SHIPPED ON BOARD' OCEAN BILL OF
LADING CONSIGNED TO THE ORDER OF DHAKA BANK LIMITED,LOCAL
OFFICE,DHAKA SHOWING 'FREIGHT PREPAID' AND MARKED NOTIFY
APPLICANT AND DHAKA BANK LIMITED, LOCAL OFFICE, DHAKA,
BANGLADESH.
.
03)ALL SHIPMENT UNDER THIS CREDIT MUST BE ADVISED ON E-MAIL BY
THE  BENEFICIARY WITHIN 7(SEVEN) WORKING DAYS OF SHIPMENT TO
FEDERAL INSURANCE COMPANY LIMITED,HEAD OFFICE, NAVANA, D.H.
TOWER (6TH FLOOR),DHAKA-1215,BANGLADESH,FAX NO.88-02-55013783/
E-MAIL ADDRESS: HEADOFFICE AT FEDERALINSUBD.COM MENTIONING MARINE
COVER NOTE NO. FICL/DHK/MC-01280/10/2021 DATED 19.10.2021 AND A
COPY OF SUCH ADVICE MUST ACCOMPANY THE ORIGINAL DOCUMENTS.
.
04)CERTIFICATE OF ORIGIN IN ONE ORIGINAL COPY, MUST BE ISSUED BY
CHAMBER OF COMMERCE / GOVT. AGENCY OF THE EXPORTING
COUNTRY  STATING THAT THE GOODS ARE OF 'INDIA' ORIGIN.
CERTIFICATE OF ORIGIN ISSUED  BY ANY USA, UK, EU AND UN SANCTION
COUNTRY WILL NOT BE ACCEPTABLE.
.
05)ORIGINAL PACKING LIST IN 03 (THREE) COPIES SHOWING DETAILS OF
GOODS WITH TOTAL NET AND GROSS WEIGHT OF MERCHANDISE.
.
06)BENEFICIARY'S DRAFT IN DUPLICATE.
:47A:01) THIRD PARTY,SHORT FORM,BLANK BACKED,CHARTERED PARTY OR STALE
BILL OF LADING NOT ACCEPTABLE.
.
02)DOCUMENTS DATED PRIOR TO THE DATE OF THIS L/C ARE NOT
ACCEPTABLE.
.
03)DISCREPANT DOCUMENTS MUST NOT BE NEGOTIATED AGAINST ANY
GUARANTEE OR UNDER RESERVE AND WITHOUT PRIOR APPROVAL OF L/C
ISSUING BANK.
.
04)ONE COMPLETE SET OF NON-NEGOTIABLE SHIPPING DOCUMENTS ALONG
WITH A COPY OF CERTIFICATE OF ORIGIN AND DETAIL PACKING LIST
MUST  BE SENT TO APPLICANT DIRECTLY VIA EMAIL (TYRE AT
GAZITYRES.COM) /DHL/COURIER SERVICE/FAX THE SAME WITHIN 07(SEVEN)
WORKING DAYS OF SHIPMENT.
.
05)ALL SHIPPING DOCUMENTS MUST BEAR THE FOLLOWING:
+ LCAF NO.DBL IND. 184408
+ L/C ISSUING BANK'S BIN. 000000521-0002,
+ APPLICANT'S IRC NO.BA-0206840 (OLD), 260326120007519 (NEW)
+ APPLICANT'S BIN. 000003084-0303,
+ APPLICANT'S TIN. 811571470942,
+ APPLICANT'S FULL NAME AND ADDRESS
+ H.S. CODE NO.
.
06)COUNTRY OF ORIGIN MUST CLEARLY BE PRINTED/EMBOSED ON EACH
AND EVERY PACKAGES/CASES/CARTONS/BOXES/CONTAINERS/TINS OF GOODS.
.
07)NAME AND ADDRESSES OF THE APPLICANT ALONG WITH THEIR TIN
(TAX IDENTIFICATION NO.)811571470942 AND BIN NO 000003084-0303
MUST BE PRINTED OR EMBOSSED ON AT LEAST 02 PCT OF THE LARGEST
PACKAGES/CARTONS/BOXES/BAGS/ WOODEN BOXES/TINS/OTHERS OF GOODS
PROMINENTLY INSCRIBED WITH PERMANENT INK.
.
08) FORWARDER CARGO RECEIPT NOT ACCEPTABLE.
.
09)DISCREPANCY FEE FOR USD 100.00 WILL BE DEDUCTED FROM THE BILL
VALUE FOR PRESENTATION OF EACH SET OF DISCREPANT DOCUMENTS
UPON WAIVER OF DISCREPANCIES FROM APPLICANT.
.
10)SHIPMENT/TRANSHIPMENT BY ISRAELI FLAG VESSELS/FLAG
CARRYING VESSEL ARE PROHIBITED.
.
11)DOCUMENTS PRESENTED WITH MISSPELLING OR TYPING ERRORS THAT
DO NOT AFFECT THE MEANING OF A WORD OR SENTENCE IN WHICH THEY
OCCUR,DO NOT MAKE A DOCUMENT DISCREPANT UNLESS SUCH ERROS
RELATE TO PRICE,QUANTITY,QUALITY,SIZE AND DELIVERY TERMS AND
SO AFFECT THE MEANING OR CONTRADICT WITH LC TERMS AND
CONDITIONS ARE ACCEPTABLE.
.
12)TOLERANCE OF (+/-) 5 PERCENT IN LC VALUE AND QUANTITY IS
ACCEPTABLE.
.
13) DESPITE THE TENOR OF THE CREDIT IS 180 DAYS FROM THE DATE OF
B/L, WE WILL ARRANGE SIGHT PAYMENT WITHOUT RECOURSE TO
THE BENEFICIARY THROUGH (AXIS BANK, INDIA, AXISINBB004) ON
PRESENTATION OF DOCUMENTS COMPLYING CREDIT TERMS TO NEGOTIATING
BANK USANCE PERIOD DISCOUNT AND OTHER CHARGES, IF ANY ARE ON
APPLICANT'S ACCOUNT.
.
14)L/C NO. AND DATE MUST BE MENTIONED IN ALL DOCUMENTS.
.
15) GOODS MUST BE SHIPPED IN EXPORT STANDARD SEAWORTHY PACKING.
.
16) DHAKA BANK LTD. IS TO COMPLY WITH THE RESOLUTIONS ADOPTED BY
THE UNITED NATIONS SECURITY COUNCIL AS WELL AS THE SANCTIONS
IMPOSED BY USA, EU AND THE UK. CONSEQUENTLY, IF ANY PARTY,
ENTITY,INDIVIDUALS,VESSELS/AIRLINES, GOODS AND/OR  ITS SOURCES
AND ORIGIN, SERVICES,COUNTRY, ETC. RELATING TO THE SHIPMENTS
AND/OR DOCUMENTS DRAWN UNDER THIS DOCUMENTARY CREDIT APPEARS TO
BE AND/OR SUBSEQUENTLY REVEALS TO HAVE ANY INVOLVEMENT, DIRECTLY
OR INDIRECTLY, WITH ANY OF THOSE ON WHOM THERE IS PROHIBITION BY
SUCH RESOLUTIONS OR SANCTIONS TO DEAL OR TRANSACT WITH, THEN
PAYMENT AGAINST THE SAME WILL BE REFUSED AND/OR CALLED BACK
FUNDS IF SUCH PAYMENT MEANTIME GET EFFECTED IN DELAYED ANY
MANNER.
.
17)COMMERCIAL INVOICE SHOWING PAYMENT TERM AT SIGHT IS ALSO
ACCEPTABLE.
.
18)IF ANY DOCUMENT REQUIRED IS DIGITALLY SIGNED INSTEAD OF
MANUALLY SIGNED SAME IS ACCEPTABLE.
.
19)ALL BANK CHARGES WITHIN INDIA INCLUDING CONFIRMATION CHARGES
UPTO EXPIRY DATE OF THE LC ARE FOR THE ACCOUNT OF BENEFICIARY.
ALL BANK CHARGES OUTSIDE INDIA INCLUDING REIMBURSEMENT
CHARGES ALONG WITH DISCOUNTING INTEREST CHARGES FOR ENTIRE USANCE
PERIOD ARE ON THE ACCOUNT OF APPLICANT.
.
+++CONTD. FROM F59 : THANE BELAPUR RD, GHANSOLI, NAVI-MUMBAI
400701, INDIA
PHONE : 91-22-44770000
:71D:AS PER CLASUE 19 UNDER F47A
:48:30/BUT WITHIN VALIDITY OF LC
:49:CONFIRM
:58A:AXISINBB004
:78:1)DOCUMENTS MUST BE PRESENTED TO AXIS BANK, INDIA (AXISINBB004)
FOR ONWARD SUBMISSION TO DHAKA BANK LIMITED, CPC-TRADE
OPERATIONS,71, PURANA PALTAN LANE, VIP ROAD, DHAKA-1000,
BANGLADESH BY ANY REPUTED INT'L COURIER.
.
02) YOU ARE AUTHORISED TO CLAIM REIMBURSEMENT AGAINST COMPLYING
PRESENTATION FROM OUR HEAD OFFICE ACCOUNT NO. MAINTAINED WITH
AXIS BANK, INDIA (AXISINBB) UNDER AUTHENTICATED SWIFT
ADVICE TO US AT LEAST 03(THREE) WORKING DAYS PRIOR TO THE DATE OF
CLAIMING REIMBURSEMENT.
:72Z:PLEASE ADVISE THIS L/C TO THE
BENEFICIARY UNDER INTIMATION TO US
THROUGH MT730.
-}{S:{COP:P}}