{1:F01TSTEINBIXXXX0000000000}{2:O7011256220317AXISINBIXXXX00000000002203171256N}{4:
:20:LCC2000036-700
:12:701
:77E:
:27:2/2
:20:786LCC2000036
:45A:READY-MADE GARMENT
Brand Article No. PO No. Unit Price (USD) Quantity Discount
Tom Tailor  1018533  450013967  9.85  2,140  9.25 PCT
Tom Tailor  1019953  450013124  7.95  3,400  9.25 PCT
Tom Tailor  1019985  450013592  8.10  8,018  9.25 PCT
Tom Tailor  1020397  450013427  8.95  8,002  9.25 PCT
Total: 21,560 Piece/Pack
.
FOR TRADE TERMS PLEASE REFER FIELD DOCUMENTS REQUIRED TRADE TERMS
AS PER INCOTERMS 2010
.
:46A:MARKED 'FREIGHT COLLECT' (FOR TRADE TERM: FOB ANY SEAPORT IN
INDIA AS PER INCOTERMS 2010), OR MARKED 'FREIGHT PREPAID' (FOR
TRADE TERM: CPT HAMBURG AS PER INCOTERMS 2010)
.
SHIPMENT FROM ANY SEAPORT IN INDIA TO HAMBURG, GERMANY
.
6. BENEFICIARY'S CERTIFICATE CONFIRMING THAT 1/3 ORIGINAL BILL OF
LADING OR COPY AIR WAYBILL OR COPY COMBINED TRANSPORT DOCUMENT
HAS BEEN SENT BY PREPAID COURIER SERVICE TO TOM TAILOR GMBH,
ATTN: IMPORT DEPT., HABICHTHORST 30, 22459 HAMBURG, GERMANY,
WITHIN 10 DAYS FROM THE DATE OF SHIPMENT.
.
DETAILS OF BILL OF LADING NUMBER OR AIR WAYBILL NUMBER OR
COMBINED TRANSPORT DOCUMENT NUMBER, TOTAL NUMBER OF CARTON, NAME
OF COURIER SERVICE AND COURIER WAYBILL NUMBER ARE REQUIRED TO
INDICATE.
.
-}{S:{COP:P}}